# JRE version: Java(TM) SE Runtime Environment (8.0_20-b26) (build 1.8.0_20-b26)
# Java VM: Java HotSpot(TM) 64-Bit Server VM (25.20-b23 mixed mode windows-amd64 compressed oops)
Heap:
 PSYoungGen      total 189440K, used 68678K [0x00000000eb780000, 0x00000000f9e80000, 0x0000000100000000)
  eden space 154624K, 44% used [0x00000000eb780000,0x00000000efa91848,0x00000000f4e80000)
  from space 34816K, 0% used [0x00000000f6800000,0x00000000f6800000,0x00000000f8a00000)
  to   space 20992K, 0% used [0x00000000f8a00000,0x00000000f8a00000,0x00000000f9e80000)
 ParOldGen       total 162816K, used 89646K [0x00000000c2600000, 0x00000000cc500000, 0x00000000eb780000)
  object space 162816K, 55% used [0x00000000c2600000,0x00000000c7d8ba48,0x00000000cc500000)
 Metaspace       used 15258K, capacity 15486K, committed 15616K, reserved 1062912K
  class space    used 1931K, capacity 1981K, committed 2048K, reserved 1048576K
GC Heap History (10 events):
Event: 0.913 GC heap before
{Heap before GC invocations=9 (full 0):
 PSYoungGen      total 128512K, used 128512K [0x00000000eb780000, 0x00000000f5180000, 0x0000000100000000)
  eden space 119296K, 100% used [0x00000000eb780000,0x00000000f2c00000,0x00000000f2c00000)
  from space 9216K, 100% used [0x00000000f3b80000,0x00000000f4480000,0x00000000f4480000)
  to   space 15872K, 0% used [0x00000000f2c00000,0x00000000f2c00000,0x00000000f3b80000)
 ParOldGen       total 42496K, used 20460K [0x00000000c2600000, 0x00000000c4f80000, 0x00000000eb780000)
  object space 42496K, 48% used [0x00000000c2600000,0x00000000c39fb3a8,0x00000000c4f80000)
 Metaspace       used 7431K, capacity 7520K, committed 7552K, reserved 1056768K
  class space    used 849K, capacity 896K, committed 896K, reserved 1048576K
Event: 0.967 GC heap after
Heap after GC invocations=9 (full 0):
 PSYoungGen      total 135168K, used 15872K [0x00000000eb780000, 0x00000000fad00000, 0x0000000100000000)
  eden space 119296K, 0% used [0x00000000eb780000,0x00000000eb780000,0x00000000f2c00000)
  from space 15872K, 100% used [0x00000000f2c00000,0x00000000f3b80000,0x00000000f3b80000)
  to   space 30208K, 0% used [0x00000000f8f80000,0x00000000f8f80000,0x00000000fad00000)
 ParOldGen       total 48640K, used 48455K [0x00000000c2600000, 0x00000000c5580000, 0x00000000eb780000)
  object space 48640K, 99% used [0x00000000c2600000,0x00000000c5551f18,0x00000000c5580000)
 Metaspace       used 7431K, capacity 7520K, committed 7552K, reserved 1056768K
  class space    used 849K, capacity 896K, committed 896K, reserved 1048576K
}
Event: 0.967 GC heap before
{Heap before GC invocations=10 (full 1):
 PSYoungGen      total 135168K, used 15872K [0x00000000eb780000, 0x00000000fad00000, 0x0000000100000000)
  eden space 119296K, 0% used [0x00000000eb780000,0x00000000eb780000,0x00000000f2c00000)
  from space 15872K, 100% used [0x00000000f2c00000,0x00000000f3b80000,0x00000000f3b80000)
  to   space 30208K, 0% used [0x00000000f8f80000,0x00000000f8f80000,0x00000000fad00000)
 ParOldGen       total 48640K, used 48455K [0x00000000c2600000, 0x00000000c5580000, 0x00000000eb780000)
  object space 48640K, 99% used [0x00000000c2600000,0x00000000c5551f18,0x00000000c5580000)
 Metaspace       used 7431K, capacity 7520K, committed 7552K, reserved 1056768K
  class space    used 849K, capacity 896K, committed 896K, reserved 1048576K
Event: 1.480 GC heap after
Heap after GC invocations=10 (full 1):
 PSYoungGen      total 135168K, used 14833K [0x00000000eb780000, 0x00000000fad00000, 0x0000000100000000)
  eden space 119296K, 0% used [0x00000000eb780000,0x00000000eb780000,0x00000000f2c00000)
  from space 15872K, 93% used [0x00000000f2c00000,0x00000000f3a7c408,0x00000000f3b80000)
  to   space 30208K, 0% used [0x00000000f8f80000,0x00000000f8f80000,0x00000000fad00000)
 ParOldGen       total 93696K, used 48567K [0x00000000c2600000, 0x00000000c8180000, 0x00000000eb780000)
  object space 93696K, 51% used [0x00000000c2600000,0x00000000c556df00,0x00000000c8180000)
 Metaspace       used 7430K, capacity 7518K, committed 7552K, reserved 1056768K
  class space    used 848K, capacity 895K, committed 896K, reserved 1048576K
}
Event: 7.825 GC heap before
{Heap before GC invocations=11 (full 1):
 PSYoungGen      total 135168K, used 134129K [0x00000000eb780000, 0x00000000fad00000, 0x0000000100000000)
  eden space 119296K, 100% used [0x00000000eb780000,0x00000000f2c00000,0x00000000f2c00000)
  from space 15872K, 93% used [0x00000000f2c00000,0x00000000f3a7c408,0x00000000f3b80000)
  to   space 30208K, 0% used [0x00000000f8f80000,0x00000000f8f80000,0x00000000fad00000)
 ParOldGen       total 93696K, used 48567K [0x00000000c2600000, 0x00000000c8180000, 0x00000000eb780000)
  object space 93696K, 51% used [0x00000000c2600000,0x00000000c556df00,0x00000000c8180000)
 Metaspace       used 14242K, capacity 14506K, committed 14720K, reserved 1062912K
  class space    used 1795K, capacity 1848K, committed 1920K, reserved 1048576K
Event: 7.886 GC heap after
Heap after GC invocations=11 (full 1):
 PSYoungGen      total 167936K, used 29828K [0x00000000eb780000, 0x00000000fad00000, 0x0000000100000000)
  eden space 137728K, 0% used [0x00000000eb780000,0x00000000eb780000,0x00000000f3e00000)
  from space 30208K, 98% used [0x00000000f8f80000,0x00000000faca1320,0x00000000fad00000)
  to   space 35328K, 0% used [0x00000000f6800000,0x00000000f6800000,0x00000000f8a80000)
 ParOldGen       total 93696K, used 66590K [0x00000000c2600000, 0x00000000c8180000, 0x00000000eb780000)
  object space 93696K, 71% used [0x00000000c2600000,0x00000000c6707a18,0x00000000c8180000)
 Metaspace       used 14242K, capacity 14506K, committed 14720K, reserved 1062912K
  class space    used 1795K, capacity 1848K, committed 1920K, reserved 1048576K
}
Event: 74.356 GC heap before
{Heap before GC invocations=12 (full 1):
 PSYoungGen      total 167936K, used 167556K [0x00000000eb780000, 0x00000000fad00000, 0x0000000100000000)
  eden space 137728K, 100% used [0x00000000eb780000,0x00000000f3e00000,0x00000000f3e00000)
  from space 30208K, 98% used [0x00000000f8f80000,0x00000000faca1320,0x00000000fad00000)
  to   space 35328K, 0% used [0x00000000f6800000,0x00000000f6800000,0x00000000f8a80000)
 ParOldGen       total 93696K, used 66590K [0x00000000c2600000, 0x00000000c8180000, 0x00000000eb780000)
  object space 93696K, 71% used [0x00000000c2600000,0x00000000c6707a18,0x00000000c8180000)
 Metaspace       used 14775K, capacity 14962K, committed 14976K, reserved 1062912K
  class space    used 1863K, capacity 1915K, committed 1920K, reserved 1048576K
Event: 74.407 GC heap after
Heap after GC invocations=12 (full 1):
 PSYoungGen      total 189440K, used 34498K [0x00000000eb780000, 0x00000000f9e80000, 0x0000000100000000)
  eden space 154624K, 0% used [0x00000000eb780000,0x00000000eb780000,0x00000000f4e80000)
  from space 34816K, 99% used [0x00000000f6800000,0x00000000f89b08b0,0x00000000f8a00000)
  to   space 20992K, 0% used [0x00000000f8a00000,0x00000000f8a00000,0x00000000f9e80000)
 ParOldGen       total 93696K, used 93583K [0x00000000c2600000, 0x00000000c8180000, 0x00000000eb780000)
  object space 93696K, 99% used [0x00000000c2600000,0x00000000c8163f60,0x00000000c8180000)
 Metaspace       used 14775K, capacity 14962K, committed 14976K, reserved 1062912K
  class space    used 1863K, capacity 1915K, committed 1920K, reserved 1048576K
}
Event: 74.407 GC heap before
{Heap before GC invocations=13 (full 2):
 PSYoungGen      total 189440K, used 34498K [0x00000000eb780000, 0x00000000f9e80000, 0x0000000100000000)
  eden space 154624K, 0% used [0x00000000eb780000,0x00000000eb780000,0x00000000f4e80000)
  from space 34816K, 99% used [0x00000000f6800000,0x00000000f89b08b0,0x00000000f8a00000)
  to   space 20992K, 0% used [0x00000000f8a00000,0x00000000f8a00000,0x00000000f9e80000)
 ParOldGen       total 93696K, used 93583K [0x00000000c2600000, 0x00000000c8180000, 0x00000000eb780000)
  object space 93696K, 99% used [0x00000000c2600000,0x00000000c8163f60,0x00000000c8180000)
 Metaspace       used 14775K, capacity 14962K, committed 14976K, reserved 1062912K
  class space    used 1863K, capacity 1915K, committed 1920K, reserved 1048576K
Event: 74.559 GC heap after
Heap after GC invocations=13 (full 2):
 PSYoungGen      total 189440K, used 0K [0x00000000eb780000, 0x00000000f9e80000, 0x0000000100000000)
  eden space 154624K, 0% used [0x00000000eb780000,0x00000000eb780000,0x00000000f4e80000)
  from space 34816K, 0% used [0x00000000f6800000,0x00000000f6800000,0x00000000f8a00000)
  to   space 20992K, 0% used [0x00000000f8a00000,0x00000000f8a00000,0x00000000f9e80000)
 ParOldGen       total 162816K, used 89646K [0x00000000c2600000, 0x00000000cc500000, 0x00000000eb780000)
  object space 162816K, 55% used [0x00000000c2600000,0x00000000c7d8ba48,0x00000000cc500000)
 Metaspace       used 14775K, capacity 14962K, committed 14976K, reserved 1062912K
  class space    used 1863K, capacity 1915K, committed 1920K, reserved 1048576K
}

